-------------------------------------------------------------------------------
Test set: com.weatherforecast.mavenweatherforecast.controller.MainWindowControllerTest
-------------------------------------------------------------------------------
Tests run: 1, Failures: 0, Errors: 1, Skipped: 0, Time elapsed: 3.255 s <<< FAILURE! - in com.weatherforecast.mavenweatherforecast.controller.MainWindowControllerTest
com.weatherforecast.mavenweatherforecast.controller.MainWindowControllerTest.shouldValidatePrimaryTextField  Time elapsed: 3.116 s  <<< ERROR!
java.lang.NullPointerException: Cannot invoke "javafx.scene.control.TextField.getText()" because "this.primaryTextField" is null
	at com.weatherforecast.mavenweatherforecast.controller.MainWindowControllerTest.shouldValidatePrimaryTextField(MainWindowControllerTest.java:45)

