<?xml version="1.0" encoding="UTF-8"?>
<testsuite xmlns:xsi="http://www.w3.org/2001/XMLSchema-instance" xsi:noNamespaceSchemaLocation="https://maven.apache.org/surefire/maven-surefire-plugin/xsd/surefire-test-report-3.0.xsd" version="3.0" name="com.weatherforecast.mavenweatherforecast.controller.MainWindowControllerTest" time="3.255" tests="1" errors="1" skipped="0" failures="0">
  <properties>
[...]
</properties>
  <testcase name="shouldValidatePrimaryTextField" classname="com.weatherforecast.mavenweatherforecast.controller.MainWindowControllerTest" time="3.116">
    <error type="java.lang.NullPointerException"><![CDATA[java.lang.NullPointerException: Cannot invoke "javafx.scene.control.TextField.getText()" because "this.primaryTextField" is null
	at com.weatherforecast.mavenweatherforecast.controller.MainWindowControllerTest.shouldValidatePrimaryTextField(MainWindowControllerTest.java:45)
]]></error>
  </testcase>
</testsuite>